  [1m[36m (2.8ms)[0m  [1mCREATE TABLE "schema_migrations" ("version" character varying NOT NULL) [0m
  [1m[35m (1.2ms)[0m  CREATE UNIQUE INDEX  "unique_schema_migrations" ON "schema_migrations"  ("version")
  [1m[36mActiveRecord::SchemaMigration Load (2.3ms)[0m  [1mSELECT "schema_migrations".* FROM "schema_migrations"[0m
Migrating to CreateUsers (20171006094205)
  [1m[35m (0.1ms)[0m  BEGIN
  [1m[36m (3.8ms)[0m  [1mCREATE TABLE "users" ("id" serial primary key, "name" character varying, "created_at" timestamp NOT NULL, "updated_at" timestamp NOT NULL) [0m
  [1m[35mSQL (0.2ms)[0m  INSERT INTO "schema_migrations" ("version") VALUES ($1)  [["version", "20171006094205"]]
  [1m[36m (0.5ms)[0m  [1mCOMMIT[0m
  [1m[35mActiveRecord::SchemaMigration Load (0.2ms)[0m  SELECT "schema_migrations".* FROM "schema_migrations"
  [1m[36m (1.4ms)[0m  [1mSELECT t2.oid::regclass::text AS to_table, a1.attname AS column, a2.attname AS primary_key, c.conname AS name, c.confupdtype AS on_update, c.confdeltype AS on_delete
FROM pg_constraint c
JOIN pg_class t1 ON c.conrelid = t1.oid
JOIN pg_class t2 ON c.confrelid = t2.oid
JOIN pg_attribute a1 ON a1.attnum = c.conkey[1] AND a1.attrelid = t1.oid
JOIN pg_attribute a2 ON a2.attnum = c.confkey[1] AND a2.attrelid = t2.oid
JOIN pg_namespace t3 ON c.connamespace = t3.oid
WHERE c.contype = 'f'
  AND t1.relname = 'users'
  AND t3.nspname = ANY (current_schemas(false))
ORDER BY c.conname
[0m
  [1m[36m (111.1ms)[0m  [1mDROP DATABASE IF EXISTS "development_dumpman"[0m
  [1m[35m (107.3ms)[0m  DROP DATABASE IF EXISTS "test_dumpman"
  [1m[36m (339.6ms)[0m  [1mCREATE DATABASE "development_dumpman" ENCODING = 'unicode'[0m
  [1m[35m (299.6ms)[0m  CREATE DATABASE "test_dumpman" ENCODING = 'unicode'
  [1m[36m (107.3ms)[0m  [1mDROP DATABASE IF EXISTS "development_dumpman"[0m
  [1m[35m (106.9ms)[0m  DROP DATABASE IF EXISTS "test_dumpman"
  [1m[36m (309.0ms)[0m  [1mCREATE DATABASE "development_dumpman" ENCODING = 'unicode'[0m
  [1m[35m (343.2ms)[0m  CREATE DATABASE "test_dumpman" ENCODING = 'unicode'
  [1m[36mActiveRecord::SchemaMigration Load (0.4ms)[0m  [1mSELECT "schema_migrations".* FROM "schema_migrations"[0m
Migrating to CreateUsers (20171006094205)
  [1m[35m (0.1ms)[0m  BEGIN
  [1m[36m (3.5ms)[0m  [1mCREATE TABLE "users" ("id" serial primary key, "name" character varying, "created_at" timestamp NOT NULL, "updated_at" timestamp NOT NULL) [0m
  [1m[35m (0.1ms)[0m  ROLLBACK
  [1m[36m (135.5ms)[0m  [1mDROP DATABASE IF EXISTS "development_dumpman"[0m
  [1m[35m (106.8ms)[0m  DROP DATABASE IF EXISTS "test_dumpman"
  [1m[36m (306.8ms)[0m  [1mCREATE DATABASE "development_dumpman" ENCODING = 'unicode'[0m
  [1m[35m (305.7ms)[0m  CREATE DATABASE "test_dumpman" ENCODING = 'unicode'
  [1m[36m (106.4ms)[0m  [1mDROP DATABASE IF EXISTS "development_dumpman"[0m
  [1m[35m (106.5ms)[0m  DROP DATABASE IF EXISTS "test_dumpman"
  [1m[36m (327.4ms)[0m  [1mCREATE DATABASE "development_dumpman" ENCODING = 'unicode'[0m
  [1m[35m (303.4ms)[0m  CREATE DATABASE "test_dumpman" ENCODING = 'unicode'
  [1m[36m (106.6ms)[0m  [1mDROP DATABASE IF EXISTS "development_dumpman"[0m
  [1m[35m (106.9ms)[0m  DROP DATABASE IF EXISTS "test_dumpman"
  [1m[36m (319.9ms)[0m  [1mCREATE DATABASE "development_dumpman" ENCODING = 'unicode'[0m
  [1m[35m (309.6ms)[0m  CREATE DATABASE "test_dumpman" ENCODING = 'unicode'
  [1m[36m (105.6ms)[0m  [1mDROP DATABASE IF EXISTS "development_dumpman"[0m
  [1m[35m (106.0ms)[0m  DROP DATABASE IF EXISTS "test_dumpman"
  [1m[36m (312.6ms)[0m  [1mCREATE DATABASE "development_dumpman" ENCODING = 'unicode'[0m
  [1m[35m (326.7ms)[0m  CREATE DATABASE "test_dumpman" ENCODING = 'unicode'
  [1m[36m (105.6ms)[0m  [1mDROP DATABASE IF EXISTS "development_dumpman"[0m
  [1m[35m (105.8ms)[0m  DROP DATABASE IF EXISTS "test_dumpman"
  [1m[36m (307.7ms)[0m  [1mCREATE DATABASE "development_dumpman" ENCODING = 'unicode'[0m
  [1m[35m (307.3ms)[0m  CREATE DATABASE "test_dumpman" ENCODING = 'unicode'
  [1m[36m (105.6ms)[0m  [1mDROP DATABASE IF EXISTS "development_dumpman"[0m
  [1m[35m (109.4ms)[0m  DROP DATABASE IF EXISTS "test_dumpman"
  [1m[36m (310.2ms)[0m  [1mCREATE DATABASE "development_dumpman" ENCODING = 'unicode'[0m
  [1m[35m (328.0ms)[0m  CREATE DATABASE "test_dumpman" ENCODING = 'unicode'
  [1m[36m (105.8ms)[0m  [1mDROP DATABASE IF EXISTS "development_dumpman"[0m
  [1m[35m (105.5ms)[0m  DROP DATABASE IF EXISTS "test_dumpman"
  [1m[36m (326.1ms)[0m  [1mCREATE DATABASE "development_dumpman" ENCODING = 'unicode'[0m
  [1m[35m (352.9ms)[0m  CREATE DATABASE "test_dumpman" ENCODING = 'unicode'
  [1m[36m (105.8ms)[0m  [1mDROP DATABASE IF EXISTS "development_dumpman"[0m
  [1m[35m (105.7ms)[0m  DROP DATABASE IF EXISTS "test_dumpman"
  [1m[36m (338.7ms)[0m  [1mCREATE DATABASE "development_dumpman" ENCODING = 'unicode'[0m
  [1m[35m (313.3ms)[0m  CREATE DATABASE "test_dumpman" ENCODING = 'unicode'
  [1m[36m (105.8ms)[0m  [1mDROP DATABASE IF EXISTS "development_dumpman"[0m
  [1m[35m (104.3ms)[0m  DROP DATABASE IF EXISTS "test_dumpman"
  [1m[36m (354.5ms)[0m  [1mCREATE DATABASE "development_dumpman" ENCODING = 'unicode'[0m
  [1m[35m (355.2ms)[0m  CREATE DATABASE "test_dumpman" ENCODING = 'unicode'
  [1m[36m (106.0ms)[0m  [1mDROP DATABASE IF EXISTS "development_dumpman"[0m
  [1m[35m (105.8ms)[0m  DROP DATABASE IF EXISTS "test_dumpman"
  [1m[36m (340.9ms)[0m  [1mCREATE DATABASE "development_dumpman" ENCODING = 'unicode'[0m
  [1m[35m (307.1ms)[0m  CREATE DATABASE "test_dumpman" ENCODING = 'unicode'
  [1m[36m (105.9ms)[0m  [1mDROP DATABASE IF EXISTS "development_dumpman"[0m
  [1m[35m (107.3ms)[0m  DROP DATABASE IF EXISTS "test_dumpman"
  [1m[36m (353.1ms)[0m  [1mCREATE DATABASE "development_dumpman" ENCODING = 'unicode'[0m
  [1m[35m (361.0ms)[0m  CREATE DATABASE "test_dumpman" ENCODING = 'unicode'
  [1m[36m (106.3ms)[0m  [1mDROP DATABASE IF EXISTS "development_dumpman"[0m
  [1m[35m (105.7ms)[0m  DROP DATABASE IF EXISTS "test_dumpman"
  [1m[36m (310.4ms)[0m  [1mCREATE DATABASE "development_dumpman" ENCODING = 'unicode'[0m
  [1m[35m (304.2ms)[0m  CREATE DATABASE "test_dumpman" ENCODING = 'unicode'
  [1m[36m (105.9ms)[0m  [1mDROP DATABASE IF EXISTS "development_dumpman"[0m
  [1m[35m (106.0ms)[0m  DROP DATABASE IF EXISTS "test_dumpman"
  [1m[36m (348.9ms)[0m  [1mCREATE DATABASE "development_dumpman" ENCODING = 'unicode'[0m
  [1m[35m (369.2ms)[0m  CREATE DATABASE "test_dumpman" ENCODING = 'unicode'
  [1m[36m (104.3ms)[0m  [1mDROP DATABASE IF EXISTS "development_dumpman"[0m
  [1m[35m (104.4ms)[0m  DROP DATABASE IF EXISTS "test_dumpman"
  [1m[36m (370.4ms)[0m  [1mCREATE DATABASE "development_dumpman" ENCODING = 'unicode'[0m
  [1m[35m (364.7ms)[0m  CREATE DATABASE "test_dumpman" ENCODING = 'unicode'
  [1m[36m (4.8ms)[0m  [1mCREATE TABLE "schema_migrations" ("version" character varying NOT NULL) [0m
  [1m[35m (3.1ms)[0m  CREATE UNIQUE INDEX  "unique_schema_migrations" ON "schema_migrations"  ("version")
  [1m[36mActiveRecord::SchemaMigration Load (0.3ms)[0m  [1mSELECT "schema_migrations".* FROM "schema_migrations"[0m
Migrating to CreateUsers (20171006094205)
  [1m[35m (0.1ms)[0m  BEGIN
  [1m[36m (6.8ms)[0m  [1mCREATE TABLE "users" ("id" serial primary key, "name" character varying, "created_at" timestamp NOT NULL, "updated_at" timestamp NOT NULL) [0m
  [1m[35mSQL (0.2ms)[0m  INSERT INTO "schema_migrations" ("version") VALUES ($1)  [["version", "20171006094205"]]
  [1m[36m (1.1ms)[0m  [1mCOMMIT[0m
  [1m[35mActiveRecord::SchemaMigration Load (1.9ms)[0m  SELECT "schema_migrations".* FROM "schema_migrations"
  [1m[36m (1.5ms)[0m  [1mSELECT t2.oid::regclass::text AS to_table, a1.attname AS column, a2.attname AS primary_key, c.conname AS name, c.confupdtype AS on_update, c.confdeltype AS on_delete
FROM pg_constraint c
JOIN pg_class t1 ON c.conrelid = t1.oid
JOIN pg_class t2 ON c.confrelid = t2.oid
JOIN pg_attribute a1 ON a1.attnum = c.conkey[1] AND a1.attrelid = t1.oid
JOIN pg_attribute a2 ON a2.attnum = c.confkey[1] AND a2.attrelid = t2.oid
JOIN pg_namespace t3 ON c.connamespace = t3.oid
WHERE c.contype = 'f'
  AND t1.relname = 'users'
  AND t3.nspname = ANY (current_schemas(false))
ORDER BY c.conname
[0m
  [1m[36m (105.9ms)[0m  [1mDROP DATABASE IF EXISTS "development_dumpman"[0m
  [1m[35m (105.9ms)[0m  DROP DATABASE IF EXISTS "test_dumpman"
  [1m[36m (354.3ms)[0m  [1mCREATE DATABASE "development_dumpman" ENCODING = 'unicode'[0m
  [1m[35m (319.4ms)[0m  CREATE DATABASE "test_dumpman" ENCODING = 'unicode'
  [1m[36m (105.1ms)[0m  [1mDROP DATABASE IF EXISTS "development_dumpman"[0m
  [1m[35m (104.4ms)[0m  DROP DATABASE IF EXISTS "test_dumpman"
  [1m[36m (396.6ms)[0m  [1mCREATE DATABASE "development_dumpman" ENCODING = 'unicode'[0m
  [1m[35m (367.0ms)[0m  CREATE DATABASE "test_dumpman" ENCODING = 'unicode'
  [1m[36mActiveRecord::SchemaMigration Load (0.5ms)[0m  [1mSELECT "schema_migrations".* FROM "schema_migrations"[0m
Migrating to CreateUsers (20171006094205)
  [1m[35m (0.1ms)[0m  BEGIN
  [1m[36m (3.5ms)[0m  [1mCREATE TABLE "users" ("id" serial primary key, "name" character varying, "created_at" timestamp NOT NULL, "updated_at" timestamp NOT NULL) [0m
  [1m[35m (0.1ms)[0m  ROLLBACK
  [1m[36m (9.0ms)[0m  [1mCREATE TABLE "schema_migrations" ("version" character varying NOT NULL) [0m
  [1m[35m (3.1ms)[0m  CREATE UNIQUE INDEX  "unique_schema_migrations" ON "schema_migrations"  ("version")
  [1m[36mActiveRecord::SchemaMigration Load (0.4ms)[0m  [1mSELECT "schema_migrations".* FROM "schema_migrations"[0m
Migrating to CreateUsers (20171006094205)
  [1m[35m (0.1ms)[0m  BEGIN
  [1m[36m (5.5ms)[0m  [1mCREATE TABLE "users" ("id" serial primary key, "name" character varying, "created_at" timestamp NOT NULL, "updated_at" timestamp NOT NULL) [0m
  [1m[35mSQL (0.2ms)[0m  INSERT INTO "schema_migrations" ("version") VALUES ($1)  [["version", "20171006094205"]]
  [1m[36m (1.2ms)[0m  [1mCOMMIT[0m
  [1m[35mActiveRecord::SchemaMigration Load (0.1ms)[0m  SELECT "schema_migrations".* FROM "schema_migrations"
  [1m[36m (2.2ms)[0m  [1mSELECT t2.oid::regclass::text AS to_table, a1.attname AS column, a2.attname AS primary_key, c.conname AS name, c.confupdtype AS on_update, c.confdeltype AS on_delete
FROM pg_constraint c
JOIN pg_class t1 ON c.conrelid = t1.oid
JOIN pg_class t2 ON c.confrelid = t2.oid
JOIN pg_attribute a1 ON a1.attnum = c.conkey[1] AND a1.attrelid = t1.oid
JOIN pg_attribute a2 ON a2.attnum = c.confkey[1] AND a2.attrelid = t2.oid
JOIN pg_namespace t3 ON c.connamespace = t3.oid
WHERE c.contype = 'f'
  AND t1.relname = 'users'
  AND t3.nspname = ANY (current_schemas(false))
ORDER BY c.conname
[0m
  [1m[36m (106.0ms)[0m  [1mDROP DATABASE IF EXISTS "development_dumpman"[0m
  [1m[35m (105.7ms)[0m  DROP DATABASE IF EXISTS "test_dumpman"
  [1m[36m (353.1ms)[0m  [1mCREATE DATABASE "development_dumpman" ENCODING = 'unicode'[0m
  [1m[35m (359.2ms)[0m  CREATE DATABASE "test_dumpman" ENCODING = 'unicode'
  [1m[36m (104.3ms)[0m  [1mDROP DATABASE IF EXISTS "development_dumpman"[0m
  [1m[35m (104.4ms)[0m  DROP DATABASE IF EXISTS "test_dumpman"
  [1m[36m (349.6ms)[0m  [1mCREATE DATABASE "development_dumpman" ENCODING = 'unicode'[0m
  [1m[35m (347.1ms)[0m  CREATE DATABASE "test_dumpman" ENCODING = 'unicode'
  [1m[36mActiveRecord::SchemaMigration Load (0.3ms)[0m  [1mSELECT "schema_migrations".* FROM "schema_migrations"[0m
  [1m[35mActiveRecord::SchemaMigration Load (0.1ms)[0m  SELECT "schema_migrations".* FROM "schema_migrations"
  [1m[36m (1.4ms)[0m  [1mSELECT t2.oid::regclass::text AS to_table, a1.attname AS column, a2.attname AS primary_key, c.conname AS name, c.confupdtype AS on_update, c.confdeltype AS on_delete
FROM pg_constraint c
JOIN pg_class t1 ON c.conrelid = t1.oid
JOIN pg_class t2 ON c.confrelid = t2.oid
JOIN pg_attribute a1 ON a1.attnum = c.conkey[1] AND a1.attrelid = t1.oid
JOIN pg_attribute a2 ON a2.attnum = c.confkey[1] AND a2.attrelid = t2.oid
JOIN pg_namespace t3 ON c.connamespace = t3.oid
WHERE c.contype = 'f'
  AND t1.relname = 'users'
  AND t3.nspname = ANY (current_schemas(false))
ORDER BY c.conname
[0m
  [1m[36m (5006.4ms)[0m  [1mDROP DATABASE IF EXISTS "overhaul_backend_development"[0m
  [1m[35m (110.3ms)[0m  DROP DATABASE IF EXISTS "overhaul_backend_test"
  [1m[36m (0.2ms)[0m  [1mCREATE DATABASE "overhaul_backend_development" ENCODING = 'unicode'[0m
  [1m[35m (306.6ms)[0m  CREATE DATABASE "overhaul_backend_test" ENCODING = 'unicode'
  [1m[36m (5006.7ms)[0m  [1mDROP DATABASE IF EXISTS "overhaul_backend_development"[0m
  [1m[35m (105.9ms)[0m  DROP DATABASE IF EXISTS "overhaul_backend_test"
  [1m[36m (0.2ms)[0m  [1mCREATE DATABASE "overhaul_backend_development" ENCODING = 'unicode'[0m
  [1m[35m (390.6ms)[0m  CREATE DATABASE "overhaul_backend_test" ENCODING = 'unicode'
